<?xml version="1.0" encoding="UTF-8"?>
<!-- Generated by org.testng.reporters.JUnitReportReporter -->
<testsuite skipped="0" hostname="DESKTOP-QPAOO8E" name="TestGmail" tests="4" failures="0" timestamp="18 лют. 2019 10:33:21 GMT" time="198.666" errors="0">
  <testcase name="testGmail" time="59.253" classname="TestGmail"/>
  <testcase name="testGmail" time="59.683" classname="TestGmail"/>
  <testcase name="testGmail" time="46.673" classname="TestGmail"/>
  <testcase name="testGmail" time="33.057" classname="TestGmail"/>
</testsuite> <!-- TestGmail -->
